\BOOKMARK [1][-]{section.1}{Introduction}{}% 1
\BOOKMARK [1][-]{section.2}{Rappels sur l'utilit\351 des nombres premiers en cryptographie}{}% 2
\BOOKMARK [2][-]{subsection.2.1}{Chiffrement RSA}{section.2}% 3
\BOOKMARK [3][-]{subsubsection.2.1.1}{Cr\351ation des cl\351s}{subsection.2.1}% 4
\BOOKMARK [3][-]{subsubsection.2.1.2}{Chiffrement}{subsection.2.1}% 5
\BOOKMARK [3][-]{subsubsection.2.1.3}{D\351chiffrement}{subsection.2.1}% 6
\BOOKMARK [3][-]{subsubsection.2.1.4}{Justification}{subsection.2.1}% 7
\BOOKMARK [1][-]{section.3}{M\351thode na\357ve de la factorisation}{}% 8
\BOOKMARK [1][-]{section.4}{L'algorithme p-1 de Pollard}{}% 9
\BOOKMARK [2][-]{subsection.4.1}{Principe de l'algorithme}{section.4}% 10
\BOOKMARK [2][-]{subsection.4.2}{Pseudo-code}{section.4}% 11
\BOOKMARK [2][-]{subsection.4.3}{Exemple}{section.4}% 12
\BOOKMARK [2][-]{subsection.4.4}{Les limites}{section.4}% 13
\BOOKMARK [1][-]{section.5}{Crible de Dixon}{}% 14
\BOOKMARK [2][-]{subsection.5.1}{Principe de l'algorithme}{section.5}% 15
\BOOKMARK [2][-]{subsection.5.2}{Exemple}{section.5}% 16
\BOOKMARK [2][-]{subsection.5.3}{Pseudo-code}{section.5}% 17
\BOOKMARK [2][-]{subsection.5.4}{Pr\351cisions sur l'algorithme}{section.5}% 18
\BOOKMARK [3][-]{subsubsection.5.4.1}{Facteur non trivial}{subsection.5.4}% 19
\BOOKMARK [3][-]{subsubsection.5.4.2}{Choix de B}{subsection.5.4}% 20
\BOOKMARK [2][-]{subsection.5.5}{Limites de l'algorithme}{section.5}% 21
\BOOKMARK [1][-]{section.6}{Crible quadratique}{}% 22
\BOOKMARK [2][-]{subsection.6.1}{Principe de l'algorithme}{section.6}% 23
\BOOKMARK [2][-]{subsection.6.2}{Pseudo-code}{section.6}% 24
\BOOKMARK [2][-]{subsection.6.3}{Exemple}{section.6}% 25
